2016-06-13 13:25:15,382 [Worker-2] WARN  o.e.m.c.internal.embedder.MavenImpl - Failed to decrypt password for server proj-nexus: org.sonatype.plexus.components.cipher.PlexusCipherException: javax.crypto.BadPaddingException: Given final block not properly padded
org.sonatype.plexus.components.sec.dispatcher.SecDispatcherException: org.sonatype.plexus.components.cipher.PlexusCipherException: javax.crypto.BadPaddingException: Given final block not properly padded
	at org.sonatype.plexus.components.sec.dispatcher.DefaultSecDispatcher.decrypt(DefaultSecDispatcher.java:121) ~[plexus-sec-dispatcher-1.3.jar:na]
	at org.apache.maven.settings.crypto.DefaultSettingsDecrypter.decrypt(DefaultSettingsDecrypter.java:107) ~[maven-settings-builder-3.3.3.jar:3.3.3]
	at org.apache.maven.settings.crypto.DefaultSettingsDecrypter.decrypt(DefaultSettingsDecrypter.java:63) ~[maven-settings-builder-3.3.3.jar:3.3.3]
	at org.eclipse.m2e.core.internal.embedder.MavenImpl.decryptPassword(MavenImpl.java:547) ~[org.eclipse.m2e.core_1.6.2.20150902-0002.jar:na]
	at org.eclipse.m2e.core.internal.repository.RepositoryRegistry.getAuthenticationInfo(RepositoryRegistry.java:214) [org.eclipse.m2e.core_1.6.2.20150902-0002.jar:na]
	at org.eclipse.m2e.core.internal.repository.RepositoryRegistry.updateRegistry(RepositoryRegistry.java:245) [org.eclipse.m2e.core_1.6.2.20150902-0002.jar:na]
	at org.eclipse.m2e.core.internal.repository.RepositoryRegistryUpdateJob.run(RepositoryRegistryUpdateJob.java:47) [org.eclipse.m2e.core_1.6.2.20150902-0002.jar:na]
	at org.eclipse.core.internal.jobs.Worker.run(Worker.java:55) [org.eclipse.core.jobs_3.7.0.v20150330-2103.jar:na]
Caused by: org.sonatype.plexus.components.cipher.PlexusCipherException: javax.crypto.BadPaddingException: Given final block not properly padded
	at org.sonatype.plexus.components.cipher.PBECipher.decrypt64(PBECipher.java:193) ~[plexus-cipher-1.7.jar:na]
	at org.sonatype.plexus.components.cipher.DefaultPlexusCipher.decrypt(DefaultPlexusCipher.java:74) ~[plexus-cipher-1.7.jar:na]
	at org.sonatype.plexus.components.sec.dispatcher.DefaultSecDispatcher.decrypt(DefaultSecDispatcher.java:96) ~[plexus-sec-dispatcher-1.3.jar:na]
	... 7 common frames omitted
Caused by: javax.crypto.BadPaddingException: Given final block not properly padded
	at com.sun.crypto.provider.CipherCore.doFinal(CipherCore.java:966) ~[sunjce_provider.jar:1.8.0_60]
	at com.sun.crypto.provider.CipherCore.doFinal(CipherCore.java:824) ~[sunjce_provider.jar:1.8.0_60]
	at com.sun.crypto.provider.AESCipher.engineDoFinal(AESCipher.java:436) ~[sunjce_provider.jar:1.8.0_60]
	at javax.crypto.Cipher.doFinal(Cipher.java:2165) ~[na:1.8.0_60]
	at org.sonatype.plexus.components.cipher.PBECipher.decrypt64(PBECipher.java:185) ~[plexus-cipher-1.7.jar:na]
	... 9 common frames omitted
